2023.08.06 01:01:23 INFO  Started: Metals version 1.0.0 in folders '/Users/kimdongjin/svelte-kr/svelte' for client Visual Studio Code 1.81.0.[0m
8æœˆ 06, 2023 1:01:23 åˆå‰ org.flywaydb.core.internal.license.VersionPrinter printVersionOnly
æƒ…å ±: Flyway Community Edition 9.20.1 by Redgate
8æœˆ 06, 2023 1:01:23 åˆå‰ org.flywaydb.core.internal.license.VersionPrinter printVersion
æƒ…å ±: See release notes here: https://rd.gt/416ObMi
8æœˆ 06, 2023 1:01:23 åˆå‰ org.flywaydb.core.internal.license.VersionPrinter printVersion
æƒ…å ±: 
8æœˆ 06, 2023 1:01:23 åˆå‰ org.flywaydb.core.internal.database.base.BaseDatabaseType createDatabase
æƒ…å ±: Database: jdbc:h2:file:/Users/kimdongjin/svelte-kr/svelte/.metals/metals (H2 2.1)
8æœˆ 06, 2023 1:01:23 åˆå‰ org.flywaydb.core.internal.schemahistory.JdbcTableSchemaHistory allAppliedMigrations
æƒ…å ±: Schema history table "PUBLIC"."flyway_schema_history" does not exist yet
8æœˆ 06, 2023 1:01:23 åˆå‰ org.flywaydb.core.internal.command.DbValidate validate
æƒ…å ±: Successfully validated 4 migrations (execution time 00:00.008s)
8æœˆ 06, 2023 1:01:23 åˆå‰ org.flywaydb.core.internal.schemahistory.JdbcTableSchemaHistory create
æƒ…å ±: Creating Schema History table "PUBLIC"."flyway_schema_history" ...
8æœˆ 06, 2023 1:01:23 åˆå‰ org.flywaydb.core.internal.command.DbMigrate migrateGroup
æƒ…å ±: Current version of schema "PUBLIC": << Empty Schema >>
8æœˆ 06, 2023 1:01:23 åˆå‰ org.flywaydb.core.internal.command.DbMigrate doMigrateGroup
æƒ…å ±: Migrating schema "PUBLIC" to version "1 - Create tables"
8æœˆ 06, 2023 1:01:23 åˆå‰ org.flywaydb.core.internal.command.DbMigrate doMigrateGroup
æƒ…å ±: Migrating schema "PUBLIC" to version "2 - Server discovery"
8æœˆ 06, 2023 1:01:23 åˆå‰ org.flywaydb.core.internal.command.DbMigrate doMigrateGroup
æƒ…å ±: Migrating schema "PUBLIC" to version "3 - Jar symbols"
8æœˆ 06, 2023 1:01:23 åˆå‰ org.flywaydb.core.internal.command.DbMigrate doMigrateGroup
æƒ…å ±: Migrating schema "PUBLIC" to version "4 - Fingerprints"
8æœˆ 06, 2023 1:01:23 åˆå‰ org.flywaydb.core.internal.command.DbMigrate logSummary
æƒ…å ±: Successfully applied 4 migrations to schema "PUBLIC", now at version v4 (execution time 00:00.012s)
2023.08.06 01:01:23 INFO  time: initialize in 0.39s[0m
2023.08.06 01:01:31 WARN  Build server is not auto-connectable.[0m
2023.08.06 01:01:31 WARN  no build tool detected in workspace '/Users/kimdongjin/svelte-kr/svelte'. The most common cause for this problem is that the editor was opened in the wrong working directory, for example if you use sbt then the workspace directory should contain build.sbt. [0m
8æœˆ 06, 2023 1:01:45 åˆå‰ org.eclipse.lsp4j.jsonrpc.services.GenericEndpoint notify
æƒ…å ±: Unsupported notification method: $/setTrace
8æœˆ 06, 2023 1:01:45 åˆå‰ org.eclipse.lsp4j.jsonrpc.services.GenericEndpoint notify
æƒ…å ±: Unsupported notification method: $/setTrace
8æœˆ 13, 2023 4:37:01 åˆå¾Œ org.eclipse.lsp4j.jsonrpc.services.GenericEndpoint notify
æƒ…å ±: Unsupported notification method: $/setTrace
